<?xml version="1.0"?>
<testsuites>
  <testsuite name="Chrome 35.0.1916 (Mac OS X 10.9.2)" package="unit" timestamp="2014-06-23T17:51:52" id="0" hostname="Daniels-MacBook-Pro.local" tests="6" errors="0" failures="0" time="0.187">
    <properties>
      <property name="browser.fullName" value="Mozilla/5.0 (Macintosh; Intel Mac OS X 10_9_2) AppleWebKit/537.36 (KHTML, like Gecko) Chrome/35.0.1916.153 Safari/537.36"/>
    </properties>
    <testcase name="should set scope.errors[field] on mongoose errors" time="0.12" classname="unit Chrome 35.0.1916 (Mac OS X 10.9.2).Controller: SigninCtrl"/>
    <testcase name="should set scope.errors[field] on mongoose errors" time="0.017" classname="unit Chrome 35.0.1916 (Mac OS X 10.9.2).Controller: SignupCtrl"/>
    <testcase name="should set error to false on keypress" time="0.03" classname="unit Chrome 35.0.1916 (Mac OS X 10.9.2).Directive: mongooseError"/>
    <testcase name="should login and set global user" time="0.006" classname="unit Chrome 35.0.1916 (Mac OS X 10.9.2).Service: Auth"/>
    <testcase name="should logout and remove global user" time="0.005" classname="unit Chrome 35.0.1916 (Mac OS X 10.9.2).Service: Auth"/>
    <testcase name="should create a new user and set global user" time="0.009" classname="unit Chrome 35.0.1916 (Mac OS X 10.9.2).Service: Auth"/>
    <system-out><![CDATA[
]]></system-out>
    <system-err/>
  </testsuite>
</testsuites>
