<?xml version="1.0"?>
<testsuites>
  <testsuite name="Chrome 35.0.1916 (Mac OS X 10.9.3)" package="unit" timestamp="2014-07-14T21:51:31" id="0" hostname="Daniels-MacBook-Pro.local" tests="6" errors="0" failures="0" time="0.113">
    <properties>
      <property name="browser.fullName" value="Mozilla/5.0 (Macintosh; Intel Mac OS X 10_9_3) AppleWebKit/537.36 (KHTML, like Gecko) Chrome/35.0.1916.153 Safari/537.36"/>
    </properties>
    <testcase name="should set error to false on keypress" time="0.064" classname="unit Chrome 35.0.1916 (Mac OS X 10.9.3).Directive: mongooseError"/>
    <testcase name="should set scope.errors[field] on mongoose errors" time="0.019" classname="unit Chrome 35.0.1916 (Mac OS X 10.9.3).Controller: SigninCtrl"/>
    <testcase name="should set scope.errors[field] on mongoose errors" time="0.011" classname="unit Chrome 35.0.1916 (Mac OS X 10.9.3).Controller: SignupCtrl"/>
    <testcase name="should login and set global user" time="0.005" classname="unit Chrome 35.0.1916 (Mac OS X 10.9.3).Service: Auth"/>
    <testcase name="should logout and remove global user" time="0.007" classname="unit Chrome 35.0.1916 (Mac OS X 10.9.3).Service: Auth"/>
    <testcase name="should create a new user and set global user" time="0.007" classname="unit Chrome 35.0.1916 (Mac OS X 10.9.3).Service: Auth"/>
    <system-out><![CDATA[
]]></system-out>
    <system-err/>
  </testsuite>
</testsuites>
